<?xml version="1.0" encoding="UTF-8"?>
<robot generator="Robot 4.0.2 (Python 3.7.3 on win32)" generated="20210523 16:11:56.061" rpa="false" schemaversion="2">
<suite id="s1" name="示例3" source="D:\LTTest_Study\AppAutoRobot\示例3.robot">
<kw name="Log To Console" library="BuiltIn" type="SETUP">
<arg>测试套件准备</arg>
<doc>Logs the given message to the console.</doc>
<status status="PASS" starttime="20210523 16:11:56.350" endtime="20210523 16:11:56.351"/>
</kw>
<test id="s1-t1" name="测试1">
<kw name="Log To Console" library="BuiltIn" type="SETUP">
<arg>用例准备</arg>
<doc>Logs the given message to the console.</doc>
<status status="PASS" starttime="20210523 16:11:56.352" endtime="20210523 16:11:56.352"/>
</kw>
<kw name="Log To Console" library="BuiltIn">
<arg>${a}</arg>
<doc>Logs the given message to the console.</doc>
<status status="PASS" starttime="20210523 16:11:56.352" endtime="20210523 16:11:56.353"/>
</kw>
<kw name="Log To Console" library="BuiltIn">
<arg>${b}</arg>
<doc>Logs the given message to the console.</doc>
<status status="PASS" starttime="20210523 16:11:56.353" endtime="20210523 16:11:56.353"/>
</kw>
<kw name="Log To Console" library="BuiltIn" type="TEARDOWN">
<arg>用例清理</arg>
<doc>Logs the given message to the console.</doc>
<status status="PASS" starttime="20210523 16:11:56.354" endtime="20210523 16:11:56.354"/>
</kw>
<status status="PASS" starttime="20210523 16:11:56.351" endtime="20210523 16:11:56.355"/>
</test>
<test id="s1-t2" name="测试2">
<kw name="Log To Console" library="BuiltIn" type="SETUP">
<arg>用例准备</arg>
<doc>Logs the given message to the console.</doc>
<status status="PASS" starttime="20210523 16:11:56.357" endtime="20210523 16:11:56.358"/>
</kw>
<kw name="Log To Console" library="BuiltIn">
<arg>hello,world</arg>
<doc>Logs the given message to the console.</doc>
<status status="PASS" starttime="20210523 16:11:56.358" endtime="20210523 16:11:56.358"/>
</kw>
<kw name="Log To Console" library="BuiltIn" type="TEARDOWN">
<arg>用例清理</arg>
<doc>Logs the given message to the console.</doc>
<status status="PASS" starttime="20210523 16:11:56.359" endtime="20210523 16:11:56.359"/>
</kw>
<status status="PASS" starttime="20210523 16:11:56.356" endtime="20210523 16:11:56.359"/>
</test>
<kw name="Log To Console" library="BuiltIn" type="TEARDOWN">
<arg>测试套件清理</arg>
<doc>Logs the given message to the console.</doc>
<status status="PASS" starttime="20210523 16:11:56.361" endtime="20210523 16:11:56.361"/>
</kw>
<doc>测试示例</doc>
<meta name="None"/>
<status status="PASS" starttime="20210523 16:11:56.065" endtime="20210523 16:11:56.361"/>
</suite>
<statistics>
<total>
<stat pass="2" fail="0" skip="0">All Tests</stat>
</total>
<tag>
</tag>
<suite>
<stat pass="2" fail="0" skip="0" id="s1" name="示例3">示例3</stat>
</suite>
</statistics>
<errors>
</errors>
</robot>
